<?xml version="1.0" encoding="UTF-8" standalone="no"?>
<!DOCTYPE log SYSTEM "logger.dtd">
<log>
<record>
  <date>2019-08-05T23:23:42</date>
  <millis>1565022222664</millis>
  <sequence>0</sequence>
  <level>START</level>
  <class>com.kms.katalon.core.logging.XmlKeywordLogger</class>
  <method>startSuite</method>
  <thread>1</thread>
  <message>Start Test Suite : Test Suites/Demo</message>
  <nestedLevel>0</nestedLevel>
  <property name="name">Demo</property>
  <property name="description"></property>
  <property name="id">Test Suites/Demo</property>
</record>
<record>
  <date>2019-08-05T23:23:42</date>
  <millis>1565022222683</millis>
  <sequence>1</sequence>
  <level>RUN_DATA</level>
  <class>com.kms.katalon.core.logging.XmlKeywordLogger</class>
  <method>logMessage</method>
  <thread>1</thread>
  <message>hostName = minhhoang - c02vr2n7hv2h</message>
  <nestedLevel>0</nestedLevel>
  <property name="hostName">minhhoang - c02vr2n7hv2h</property>
</record>
<record>
  <date>2019-08-05T23:23:42</date>
  <millis>1565022222684</millis>
  <sequence>2</sequence>
  <level>RUN_DATA</level>
  <class>com.kms.katalon.core.logging.XmlKeywordLogger</class>
  <method>logMessage</method>
  <thread>1</thread>
  <message>os = Mac OS X 64bit</message>
  <nestedLevel>0</nestedLevel>
  <property name="os">Mac OS X 64bit</property>
</record>
<record>
  <date>2019-08-05T23:23:42</date>
  <millis>1565022222687</millis>
  <sequence>3</sequence>
  <level>RUN_DATA</level>
  <class>com.kms.katalon.core.logging.XmlKeywordLogger</class>
  <method>logMessage</method>
  <thread>1</thread>
  <message>hostAddress = 192.168.21.34</message>
  <nestedLevel>0</nestedLevel>
  <property name="hostAddress">192.168.21.34</property>
</record>
<record>
  <date>2019-08-05T23:23:42</date>
  <millis>1565022222693</millis>
  <sequence>4</sequence>
  <level>RUN_DATA</level>
  <class>com.kms.katalon.core.logging.XmlKeywordLogger</class>
  <method>logMessage</method>
  <thread>1</thread>
  <message>katalonVersion = 6.2.2.4</message>
  <nestedLevel>0</nestedLevel>
  <property name="katalonVersion">6.2.2.4</property>
</record>
<record>
  <date>2019-08-05T23:23:42</date>
  <millis>1565022222887</millis>
  <sequence>5</sequence>
  <level>START</level>
  <class>com.kms.katalon.core.logging.XmlKeywordLogger</class>
  <method>startTest</method>
  <thread>1</thread>
  <message>Start Test Case : Test Cases/Authenticate/TC-02</message>
  <nestedLevel>1</nestedLevel>
  <property name="name">Test Cases/Authenticate/TC-02</property>
  <property name="description"></property>
  <property name="id">Test Cases/Authenticate/TC-02</property>
  <property name="source">\\Users\\minhhoang\\Katalon Studio\\TIL-Techcon\\Test Cases\\Authenticate\\TC-02.tc</property>
  <property name="tag">Authenticate,Register,Authenticate With Gmail</property>
  <property name="isOptional">false</property>
</record>
<record>
  <date>2019-08-05T23:23:43</date>
  <millis>1565022223058</millis>
  <sequence>7</sequence>
  <level>START</level>
  <class>com.kms.katalon.core.logging.XmlKeywordLogger</class>
  <method>startKeyword</method>
  <thread>1</thread>
  <message>Start action : println(\&amp;quot;Authenticate TC-02\&amp;quot;)</message>
  <nestedLevel>1</nestedLevel>
  <property name="startLine">2</property>
  <property name="stepIndex">1</property>
</record>
<record>
  <date>2019-08-05T23:23:43</date>
  <millis>1565022223063</millis>
  <sequence>8</sequence>
  <level>END</level>
  <class>com.kms.katalon.core.logging.XmlKeywordLogger</class>
  <method>endKeyword</method>
  <thread>1</thread>
  <message>End action : println(\&amp;quot;Authenticate TC-02\&amp;quot;)</message>
  <nestedLevel>1</nestedLevel>
</record>
<record>
  <date>2019-08-05T23:23:43</date>
  <millis>1565022223063</millis>
  <sequence>9</sequence>
  <level>PASSED</level>
  <class>com.kms.katalon.core.logging.XmlKeywordLogger</class>
  <method>logMessage</method>
  <thread>1</thread>
  <message>Test Cases/Authenticate/TC-02</message>
  <nestedLevel>1</nestedLevel>
</record>
<record>
  <date>2019-08-05T23:23:43</date>
  <millis>1565022223065</millis>
  <sequence>10</sequence>
  <level>END</level>
  <class>com.kms.katalon.core.logging.XmlKeywordLogger</class>
  <method>endTest</method>
  <thread>1</thread>
  <message>End Test Case : Test Cases/Authenticate/TC-02</message>
  <nestedLevel>0</nestedLevel>
</record>
<record>
  <date>2019-08-05T23:23:43</date>
  <millis>1565022223071</millis>
  <sequence>11</sequence>
  <level>START</level>
  <class>com.kms.katalon.core.logging.XmlKeywordLogger</class>
  <method>startTest</method>
  <thread>1</thread>
  <message>Start Test Case : Test Cases/Authenticate/TC-01</message>
  <nestedLevel>1</nestedLevel>
  <property name="name">Test Cases/Authenticate/TC-01</property>
  <property name="description"></property>
  <property name="id">Test Cases/Authenticate/TC-01</property>
  <property name="source">\\Users\\minhhoang\\Katalon Studio\\TIL-Techcon\\Test Cases\\Authenticate\\TC-01.tc</property>
  <property name="tag">Authenticate,Register,Authenticate Require SSO</property>
  <property name="isOptional">false</property>
</record>
<record>
  <date>2019-08-05T23:23:43</date>
  <millis>1565022223086</millis>
  <sequence>13</sequence>
  <level>START</level>
  <class>com.kms.katalon.core.logging.XmlKeywordLogger</class>
  <method>startKeyword</method>
  <thread>1</thread>
  <message>Start action : println(\&amp;quot;Authenticate TC-01\&amp;quot;)</message>
  <nestedLevel>1</nestedLevel>
  <property name="startLine">2</property>
  <property name="stepIndex">1</property>
</record>
<record>
  <date>2019-08-05T23:23:43</date>
  <millis>1565022223087</millis>
  <sequence>14</sequence>
  <level>END</level>
  <class>com.kms.katalon.core.logging.XmlKeywordLogger</class>
  <method>endKeyword</method>
  <thread>1</thread>
  <message>End action : println(\&amp;quot;Authenticate TC-01\&amp;quot;)</message>
  <nestedLevel>1</nestedLevel>
</record>
<record>
  <date>2019-08-05T23:23:43</date>
  <millis>1565022223087</millis>
  <sequence>15</sequence>
  <level>PASSED</level>
  <class>com.kms.katalon.core.logging.XmlKeywordLogger</class>
  <method>logMessage</method>
  <thread>1</thread>
  <message>Test Cases/Authenticate/TC-01</message>
  <nestedLevel>1</nestedLevel>
</record>
<record>
  <date>2019-08-05T23:23:43</date>
  <millis>1565022223088</millis>
  <sequence>16</sequence>
  <level>END</level>
  <class>com.kms.katalon.core.logging.XmlKeywordLogger</class>
  <method>endTest</method>
  <thread>1</thread>
  <message>End Test Case : Test Cases/Authenticate/TC-01</message>
  <nestedLevel>0</nestedLevel>
</record>
<record>
  <date>2019-08-05T23:23:43</date>
  <millis>1565022223098</millis>
  <sequence>17</sequence>
  <level>START</level>
  <class>com.kms.katalon.core.logging.XmlKeywordLogger</class>
  <method>startTest</method>
  <thread>1</thread>
  <message>Start Test Case : Test Cases/Register/TC-02</message>
  <nestedLevel>1</nestedLevel>
  <property name="name">Test Cases/Register/TC-02</property>
  <property name="description"></property>
  <property name="id">Test Cases/Register/TC-02</property>
  <property name="source">\\Users\\minhhoang\\Katalon Studio\\TIL-Techcon\\Test Cases\\Register\\TC-02.tc</property>
  <property name="tag">Authenticate,Register,Register With SSO</property>
  <property name="isOptional">false</property>
</record>
<record>
  <date>2019-08-05T23:23:43</date>
  <millis>1565022223118</millis>
  <sequence>19</sequence>
  <level>START</level>
  <class>com.kms.katalon.core.logging.XmlKeywordLogger</class>
  <method>startKeyword</method>
  <thread>1</thread>
  <message>Start action : println(\&amp;quot;Register TC-02\&amp;quot;)</message>
  <nestedLevel>1</nestedLevel>
  <property name="startLine">2</property>
  <property name="stepIndex">1</property>
</record>
<record>
  <date>2019-08-05T23:23:43</date>
  <millis>1565022223129</millis>
  <sequence>20</sequence>
  <level>END</level>
  <class>com.kms.katalon.core.logging.XmlKeywordLogger</class>
  <method>endKeyword</method>
  <thread>1</thread>
  <message>End action : println(\&amp;quot;Register TC-02\&amp;quot;)</message>
  <nestedLevel>1</nestedLevel>
</record>
<record>
  <date>2019-08-05T23:23:43</date>
  <millis>1565022223150</millis>
  <sequence>21</sequence>
  <level>PASSED</level>
  <class>com.kms.katalon.core.logging.XmlKeywordLogger</class>
  <method>logMessage</method>
  <thread>1</thread>
  <message>Test Cases/Register/TC-02</message>
  <nestedLevel>1</nestedLevel>
</record>
<record>
  <date>2019-08-05T23:23:43</date>
  <millis>1565022223176</millis>
  <sequence>22</sequence>
  <level>END</level>
  <class>com.kms.katalon.core.logging.XmlKeywordLogger</class>
  <method>endTest</method>
  <thread>1</thread>
  <message>End Test Case : Test Cases/Register/TC-02</message>
  <nestedLevel>0</nestedLevel>
</record>
<record>
  <date>2019-08-05T23:23:43</date>
  <millis>1565022223181</millis>
  <sequence>23</sequence>
  <level>START</level>
  <class>com.kms.katalon.core.logging.XmlKeywordLogger</class>
  <method>startTest</method>
  <thread>1</thread>
  <message>Start Test Case : Test Cases/Register/TC-01</message>
  <nestedLevel>1</nestedLevel>
  <property name="name">Test Cases/Register/TC-01</property>
  <property name="description"></property>
  <property name="id">Test Cases/Register/TC-01</property>
  <property name="source">\\Users\\minhhoang\\Katalon Studio\\TIL-Techcon\\Test Cases\\Register\\TC-01.tc</property>
  <property name="tag">Authenticate,Register,Register With Gmail</property>
  <property name="isOptional">false</property>
</record>
<record>
  <date>2019-08-05T23:23:43</date>
  <millis>1565022223205</millis>
  <sequence>25</sequence>
  <level>START</level>
  <class>com.kms.katalon.core.logging.XmlKeywordLogger</class>
  <method>startKeyword</method>
  <thread>1</thread>
  <message>Start action : println(\&amp;quot;Register TC-01\&amp;quot;)</message>
  <nestedLevel>1</nestedLevel>
  <property name="startLine">2</property>
  <property name="stepIndex">1</property>
</record>
<record>
  <date>2019-08-05T23:23:43</date>
  <millis>1565022223207</millis>
  <sequence>26</sequence>
  <level>END</level>
  <class>com.kms.katalon.core.logging.XmlKeywordLogger</class>
  <method>endKeyword</method>
  <thread>1</thread>
  <message>End action : println(\&amp;quot;Register TC-01\&amp;quot;)</message>
  <nestedLevel>1</nestedLevel>
</record>
<record>
  <date>2019-08-05T23:23:43</date>
  <millis>1565022223208</millis>
  <sequence>27</sequence>
  <level>PASSED</level>
  <class>com.kms.katalon.core.logging.XmlKeywordLogger</class>
  <method>logMessage</method>
  <thread>1</thread>
  <message>Test Cases/Register/TC-01</message>
  <nestedLevel>1</nestedLevel>
</record>
<record>
  <date>2019-08-05T23:23:43</date>
  <millis>1565022223208</millis>
  <sequence>28</sequence>
  <level>END</level>
  <class>com.kms.katalon.core.logging.XmlKeywordLogger</class>
  <method>endTest</method>
  <thread>1</thread>
  <message>End Test Case : Test Cases/Register/TC-01</message>
  <nestedLevel>0</nestedLevel>
</record>
<record>
  <date>2019-08-05T23:23:43</date>
  <millis>1565022223211</millis>
  <sequence>29</sequence>
  <level>START</level>
  <class>com.kms.katalon.core.logging.XmlKeywordLogger</class>
  <method>startTest</method>
  <thread>1</thread>
  <message>Start Test Case : Test Cases/BuyItem/TC-02</message>
  <nestedLevel>1</nestedLevel>
  <property name="name">Test Cases/BuyItem/TC-02</property>
  <property name="description"></property>
  <property name="id">Test Cases/BuyItem/TC-02</property>
  <property name="source">\\Users\\minhhoang\\Katalon Studio\\TIL-Techcon\\Test Cases\\BuyItem\\TC-02.tc</property>
  <property name="tag"></property>
  <property name="isOptional">false</property>
</record>
<record>
  <date>2019-08-05T23:23:43</date>
  <millis>1565022223238</millis>
  <sequence>31</sequence>
  <level>START</level>
  <class>com.kms.katalon.core.logging.XmlKeywordLogger</class>
  <method>startKeyword</method>
  <thread>1</thread>
  <message>Start action : println(\&amp;quot;Buy Item Workflow TC-02\&amp;quot;)</message>
  <nestedLevel>1</nestedLevel>
  <property name="startLine">3</property>
  <property name="stepIndex">1</property>
</record>
<record>
  <date>2019-08-05T23:23:43</date>
  <millis>1565022223239</millis>
  <sequence>32</sequence>
  <level>END</level>
  <class>com.kms.katalon.core.logging.XmlKeywordLogger</class>
  <method>endKeyword</method>
  <thread>1</thread>
  <message>End action : println(\&amp;quot;Buy Item Workflow TC-02\&amp;quot;)</message>
  <nestedLevel>1</nestedLevel>
</record>
<record>
  <date>2019-08-05T23:23:43</date>
  <millis>1565022223239</millis>
  <sequence>33</sequence>
  <level>PASSED</level>
  <class>com.kms.katalon.core.logging.XmlKeywordLogger</class>
  <method>logMessage</method>
  <thread>1</thread>
  <message>Test Cases/BuyItem/TC-02</message>
  <nestedLevel>1</nestedLevel>
</record>
<record>
  <date>2019-08-05T23:23:43</date>
  <millis>1565022223240</millis>
  <sequence>34</sequence>
  <level>END</level>
  <class>com.kms.katalon.core.logging.XmlKeywordLogger</class>
  <method>endTest</method>
  <thread>1</thread>
  <message>End Test Case : Test Cases/BuyItem/TC-02</message>
  <nestedLevel>0</nestedLevel>
</record>
<record>
  <date>2019-08-05T23:23:43</date>
  <millis>1565022223247</millis>
  <sequence>35</sequence>
  <level>START</level>
  <class>com.kms.katalon.core.logging.XmlKeywordLogger</class>
  <method>startTest</method>
  <thread>1</thread>
  <message>Start Test Case : Test Cases/BuyItem/TC-01</message>
  <nestedLevel>1</nestedLevel>
  <property name="name">Test Cases/BuyItem/TC-01</property>
  <property name="description"></property>
  <property name="id">Test Cases/BuyItem/TC-01</property>
  <property name="source">\\Users\\minhhoang\\Katalon Studio\\TIL-Techcon\\Test Cases\\BuyItem\\TC-01.tc</property>
  <property name="tag"></property>
  <property name="isOptional">false</property>
</record>
<record>
  <date>2019-08-05T23:23:43</date>
  <millis>1565022223261</millis>
  <sequence>37</sequence>
  <level>START</level>
  <class>com.kms.katalon.core.logging.XmlKeywordLogger</class>
  <method>startKeyword</method>
  <thread>1</thread>
  <message>Start action : println(\&amp;quot;Buy Item Workflow TC-01\&amp;quot;)</message>
  <nestedLevel>1</nestedLevel>
  <property name="startLine">2</property>
  <property name="stepIndex">1</property>
</record>
<record>
  <date>2019-08-05T23:23:43</date>
  <millis>1565022223262</millis>
  <sequence>38</sequence>
  <level>END</level>
  <class>com.kms.katalon.core.logging.XmlKeywordLogger</class>
  <method>endKeyword</method>
  <thread>1</thread>
  <message>End action : println(\&amp;quot;Buy Item Workflow TC-01\&amp;quot;)</message>
  <nestedLevel>1</nestedLevel>
</record>
<record>
  <date>2019-08-05T23:23:43</date>
  <millis>1565022223263</millis>
  <sequence>39</sequence>
  <level>PASSED</level>
  <class>com.kms.katalon.core.logging.XmlKeywordLogger</class>
  <method>logMessage</method>
  <thread>1</thread>
  <message>Test Cases/BuyItem/TC-01</message>
  <nestedLevel>1</nestedLevel>
</record>
<record>
  <date>2019-08-05T23:23:43</date>
  <millis>1565022223263</millis>
  <sequence>40</sequence>
  <level>END</level>
  <class>com.kms.katalon.core.logging.XmlKeywordLogger</class>
  <method>endTest</method>
  <thread>1</thread>
  <message>End Test Case : Test Cases/BuyItem/TC-01</message>
  <nestedLevel>0</nestedLevel>
</record>
<record>
  <date>2019-08-05T23:23:43</date>
  <millis>1565022223382</millis>
  <sequence>41</sequence>
  <level>END</level>
  <class>com.kms.katalon.core.logging.XmlKeywordLogger</class>
  <method>endSuite</method>
  <thread>1</thread>
  <message>End Test Suite : Test Suites/Demo</message>
  <nestedLevel>0</nestedLevel>
</record>
</log>
