<?xml version="1.0" encoding="UTF-8" standalone="no"?>
<!DOCTYPE log SYSTEM "logger.dtd">
<log>
<record>
  <date>2019-10-03T10:28:22</date>
  <millis>1570073302035</millis>
  <sequence>0</sequence>
  <level>START</level>
  <class>com.kms.katalon.core.logging.XmlKeywordLogger</class>
  <method>startSuite</method>
  <thread>1</thread>
  <message>Start Test Suite : Test Suites/Demo</message>
  <nestedLevel>0</nestedLevel>
  <property name="name">Demo</property>
  <property name="description"></property>
  <property name="id">Test Suites/Demo</property>
</record>
<record>
  <date>2019-10-03T10:28:22</date>
  <millis>1570073302049</millis>
  <sequence>1</sequence>
  <level>RUN_DATA</level>
  <class>com.kms.katalon.core.logging.XmlKeywordLogger</class>
  <method>logMessage</method>
  <thread>1</thread>
  <message>hostName = minhhoang - 192.168.122.82</message>
  <nestedLevel>0</nestedLevel>
  <property name="hostName">minhhoang - 192.168.122.82</property>
</record>
<record>
  <date>2019-10-03T10:28:22</date>
  <millis>1570073302050</millis>
  <sequence>2</sequence>
  <level>RUN_DATA</level>
  <class>com.kms.katalon.core.logging.XmlKeywordLogger</class>
  <method>logMessage</method>
  <thread>1</thread>
  <message>os = Mac OS X 64bit</message>
  <nestedLevel>0</nestedLevel>
  <property name="os">Mac OS X 64bit</property>
</record>
<record>
  <date>2019-10-03T10:28:22</date>
  <millis>1570073302053</millis>
  <sequence>3</sequence>
  <level>RUN_DATA</level>
  <class>com.kms.katalon.core.logging.XmlKeywordLogger</class>
  <method>logMessage</method>
  <thread>1</thread>
  <message>hostAddress = 192.168.122.82</message>
  <nestedLevel>0</nestedLevel>
  <property name="hostAddress">192.168.122.82</property>
</record>
<record>
  <date>2019-10-03T10:28:22</date>
  <millis>1570073302054</millis>
  <sequence>4</sequence>
  <level>RUN_DATA</level>
  <class>com.kms.katalon.core.logging.XmlKeywordLogger</class>
  <method>logMessage</method>
  <thread>1</thread>
  <message>katalonVersion = 6.2.2.4</message>
  <nestedLevel>0</nestedLevel>
  <property name="katalonVersion">6.2.2.4</property>
</record>
<record>
  <date>2019-10-03T10:28:22</date>
  <millis>1570073302591</millis>
  <sequence>5</sequence>
  <level>START</level>
  <class>com.kms.katalon.core.logging.XmlKeywordLogger</class>
  <method>startTest</method>
  <thread>1</thread>
  <message>Start Test Case : Test Cases/Authenticate/TC-02</message>
  <nestedLevel>1</nestedLevel>
  <property name="name">Test Cases/Authenticate/TC-02</property>
  <property name="description"></property>
  <property name="id">Test Cases/Authenticate/TC-02</property>
  <property name="source">\\Users\\minhhoang\\Katalon Studio\\TIL-Techcon\\Test Cases\\Authenticate\\TC-02.tc</property>
  <property name="tag">Authenticate,Register,Authenticate With Gmail</property>
  <property name="isOptional">false</property>
</record>
<record>
  <date>2019-10-03T10:28:22</date>
  <millis>1570073302766</millis>
  <sequence>7</sequence>
  <level>START</level>
  <class>com.kms.katalon.core.logging.XmlKeywordLogger</class>
  <method>startKeyword</method>
  <thread>1</thread>
  <message>Start action : println(\&amp;quot;Authenticate TC-02\&amp;quot;)</message>
  <nestedLevel>1</nestedLevel>
  <property name="startLine">2</property>
  <property name="stepIndex">1</property>
</record>
<record>
  <date>2019-10-03T10:28:22</date>
  <millis>1570073302773</millis>
  <sequence>8</sequence>
  <level>END</level>
  <class>com.kms.katalon.core.logging.XmlKeywordLogger</class>
  <method>endKeyword</method>
  <thread>1</thread>
  <message>End action : println(\&amp;quot;Authenticate TC-02\&amp;quot;)</message>
  <nestedLevel>1</nestedLevel>
</record>
<record>
  <date>2019-10-03T10:28:22</date>
  <millis>1570073302774</millis>
  <sequence>9</sequence>
  <level>START</level>
  <class>com.kms.katalon.core.logging.XmlKeywordLogger</class>
  <method>startKeyword</method>
  <thread>1</thread>
  <message>Start action : println(\&amp;quot;Authenticate,Register,Authenticate With Gmail\&amp;quot;)</message>
  <nestedLevel>1</nestedLevel>
  <property name="startLine">4</property>
  <property name="stepIndex">2</property>
</record>
<record>
  <date>2019-10-03T10:28:22</date>
  <millis>1570073302775</millis>
  <sequence>10</sequence>
  <level>END</level>
  <class>com.kms.katalon.core.logging.XmlKeywordLogger</class>
  <method>endKeyword</method>
  <thread>1</thread>
  <message>End action : println(\&amp;quot;Authenticate,Register,Authenticate With Gmail\&amp;quot;)</message>
  <nestedLevel>1</nestedLevel>
</record>
<record>
  <date>2019-10-03T10:28:22</date>
  <millis>1570073302775</millis>
  <sequence>11</sequence>
  <level>PASSED</level>
  <class>com.kms.katalon.core.logging.XmlKeywordLogger</class>
  <method>logMessage</method>
  <thread>1</thread>
  <message>Test Cases/Authenticate/TC-02</message>
  <nestedLevel>1</nestedLevel>
</record>
<record>
  <date>2019-10-03T10:28:22</date>
  <millis>1570073302776</millis>
  <sequence>12</sequence>
  <level>END</level>
  <class>com.kms.katalon.core.logging.XmlKeywordLogger</class>
  <method>endTest</method>
  <thread>1</thread>
  <message>End Test Case : Test Cases/Authenticate/TC-02</message>
  <nestedLevel>0</nestedLevel>
</record>
<record>
  <date>2019-10-03T10:28:22</date>
  <millis>1570073302784</millis>
  <sequence>13</sequence>
  <level>START</level>
  <class>com.kms.katalon.core.logging.XmlKeywordLogger</class>
  <method>startTest</method>
  <thread>1</thread>
  <message>Start Test Case : Test Cases/Authenticate/TC-01</message>
  <nestedLevel>1</nestedLevel>
  <property name="name">Test Cases/Authenticate/TC-01</property>
  <property name="description"></property>
  <property name="id">Test Cases/Authenticate/TC-01</property>
  <property name="source">\\Users\\minhhoang\\Katalon Studio\\TIL-Techcon\\Test Cases\\Authenticate\\TC-01.tc</property>
  <property name="tag">Authenticate,Register,Authenticate Require SSO</property>
  <property name="isOptional">false</property>
</record>
<record>
  <date>2019-10-03T10:28:22</date>
  <millis>1570073302811</millis>
  <sequence>15</sequence>
  <level>START</level>
  <class>com.kms.katalon.core.logging.XmlKeywordLogger</class>
  <method>startKeyword</method>
  <thread>1</thread>
  <message>Start action : println(\&amp;quot;Authenticate TC-01\&amp;quot;)</message>
  <nestedLevel>1</nestedLevel>
  <property name="startLine">2</property>
  <property name="stepIndex">1</property>
</record>
<record>
  <date>2019-10-03T10:28:22</date>
  <millis>1570073302812</millis>
  <sequence>16</sequence>
  <level>END</level>
  <class>com.kms.katalon.core.logging.XmlKeywordLogger</class>
  <method>endKeyword</method>
  <thread>1</thread>
  <message>End action : println(\&amp;quot;Authenticate TC-01\&amp;quot;)</message>
  <nestedLevel>1</nestedLevel>
</record>
<record>
  <date>2019-10-03T10:28:22</date>
  <millis>1570073302813</millis>
  <sequence>17</sequence>
  <level>START</level>
  <class>com.kms.katalon.core.logging.XmlKeywordLogger</class>
  <method>startKeyword</method>
  <thread>1</thread>
  <message>Start action : println(\&amp;quot;Authenticate,Register,Authenticate Require SSO\&amp;quot;)</message>
  <nestedLevel>1</nestedLevel>
  <property name="startLine">4</property>
  <property name="stepIndex">2</property>
</record>
<record>
  <date>2019-10-03T10:28:22</date>
  <millis>1570073302813</millis>
  <sequence>18</sequence>
  <level>END</level>
  <class>com.kms.katalon.core.logging.XmlKeywordLogger</class>
  <method>endKeyword</method>
  <thread>1</thread>
  <message>End action : println(\&amp;quot;Authenticate,Register,Authenticate Require SSO\&amp;quot;)</message>
  <nestedLevel>1</nestedLevel>
</record>
<record>
  <date>2019-10-03T10:28:22</date>
  <millis>1570073302815</millis>
  <sequence>19</sequence>
  <level>PASSED</level>
  <class>com.kms.katalon.core.logging.XmlKeywordLogger</class>
  <method>logMessage</method>
  <thread>1</thread>
  <message>Test Cases/Authenticate/TC-01</message>
  <nestedLevel>1</nestedLevel>
</record>
<record>
  <date>2019-10-03T10:28:22</date>
  <millis>1570073302816</millis>
  <sequence>20</sequence>
  <level>END</level>
  <class>com.kms.katalon.core.logging.XmlKeywordLogger</class>
  <method>endTest</method>
  <thread>1</thread>
  <message>End Test Case : Test Cases/Authenticate/TC-01</message>
  <nestedLevel>0</nestedLevel>
</record>
<record>
  <date>2019-10-03T10:28:22</date>
  <millis>1570073302825</millis>
  <sequence>21</sequence>
  <level>START</level>
  <class>com.kms.katalon.core.logging.XmlKeywordLogger</class>
  <method>startTest</method>
  <thread>1</thread>
  <message>Start Test Case : Test Cases/Register/TC-02</message>
  <nestedLevel>1</nestedLevel>
  <property name="name">Test Cases/Register/TC-02</property>
  <property name="description"></property>
  <property name="id">Test Cases/Register/TC-02</property>
  <property name="source">\\Users\\minhhoang\\Katalon Studio\\TIL-Techcon\\Test Cases\\Register\\TC-02.tc</property>
  <property name="tag">Authenticate,Register,Register With SSO</property>
  <property name="isOptional">false</property>
</record>
<record>
  <date>2019-10-03T10:28:22</date>
  <millis>1570073302875</millis>
  <sequence>23</sequence>
  <level>START</level>
  <class>com.kms.katalon.core.logging.XmlKeywordLogger</class>
  <method>startKeyword</method>
  <thread>1</thread>
  <message>Start action : println(\&amp;quot;Register TC-02\&amp;quot;)</message>
  <nestedLevel>1</nestedLevel>
  <property name="startLine">2</property>
  <property name="stepIndex">1</property>
</record>
<record>
  <date>2019-10-03T10:28:22</date>
  <millis>1570073302878</millis>
  <sequence>24</sequence>
  <level>END</level>
  <class>com.kms.katalon.core.logging.XmlKeywordLogger</class>
  <method>endKeyword</method>
  <thread>1</thread>
  <message>End action : println(\&amp;quot;Register TC-02\&amp;quot;)</message>
  <nestedLevel>1</nestedLevel>
</record>
<record>
  <date>2019-10-03T10:28:22</date>
  <millis>1570073302878</millis>
  <sequence>25</sequence>
  <level>START</level>
  <class>com.kms.katalon.core.logging.XmlKeywordLogger</class>
  <method>startKeyword</method>
  <thread>1</thread>
  <message>Start action : println(\&amp;quot;Authenticate,Register,Register With SSO\&amp;quot;)</message>
  <nestedLevel>1</nestedLevel>
  <property name="startLine">4</property>
  <property name="stepIndex">2</property>
</record>
<record>
  <date>2019-10-03T10:28:22</date>
  <millis>1570073302879</millis>
  <sequence>26</sequence>
  <level>END</level>
  <class>com.kms.katalon.core.logging.XmlKeywordLogger</class>
  <method>endKeyword</method>
  <thread>1</thread>
  <message>End action : println(\&amp;quot;Authenticate,Register,Register With SSO\&amp;quot;)</message>
  <nestedLevel>1</nestedLevel>
</record>
<record>
  <date>2019-10-03T10:28:22</date>
  <millis>1570073302881</millis>
  <sequence>27</sequence>
  <level>PASSED</level>
  <class>com.kms.katalon.core.logging.XmlKeywordLogger</class>
  <method>logMessage</method>
  <thread>1</thread>
  <message>Test Cases/Register/TC-02</message>
  <nestedLevel>1</nestedLevel>
</record>
<record>
  <date>2019-10-03T10:28:22</date>
  <millis>1570073302882</millis>
  <sequence>28</sequence>
  <level>END</level>
  <class>com.kms.katalon.core.logging.XmlKeywordLogger</class>
  <method>endTest</method>
  <thread>1</thread>
  <message>End Test Case : Test Cases/Register/TC-02</message>
  <nestedLevel>0</nestedLevel>
</record>
<record>
  <date>2019-10-03T10:28:22</date>
  <millis>1570073302888</millis>
  <sequence>29</sequence>
  <level>START</level>
  <class>com.kms.katalon.core.logging.XmlKeywordLogger</class>
  <method>startTest</method>
  <thread>1</thread>
  <message>Start Test Case : Test Cases/Register/TC-01</message>
  <nestedLevel>1</nestedLevel>
  <property name="name">Test Cases/Register/TC-01</property>
  <property name="description"></property>
  <property name="id">Test Cases/Register/TC-01</property>
  <property name="source">\\Users\\minhhoang\\Katalon Studio\\TIL-Techcon\\Test Cases\\Register\\TC-01.tc</property>
  <property name="tag">Authenticate,Register,Register With Gmail</property>
  <property name="isOptional">false</property>
</record>
<record>
  <date>2019-10-03T10:28:22</date>
  <millis>1570073302912</millis>
  <sequence>31</sequence>
  <level>START</level>
  <class>com.kms.katalon.core.logging.XmlKeywordLogger</class>
  <method>startKeyword</method>
  <thread>1</thread>
  <message>Start action : println(\&amp;quot;Register TC-01\&amp;quot;)</message>
  <nestedLevel>1</nestedLevel>
  <property name="startLine">2</property>
  <property name="stepIndex">1</property>
</record>
<record>
  <date>2019-10-03T10:28:22</date>
  <millis>1570073302914</millis>
  <sequence>32</sequence>
  <level>END</level>
  <class>com.kms.katalon.core.logging.XmlKeywordLogger</class>
  <method>endKeyword</method>
  <thread>1</thread>
  <message>End action : println(\&amp;quot;Register TC-01\&amp;quot;)</message>
  <nestedLevel>1</nestedLevel>
</record>
<record>
  <date>2019-10-03T10:28:22</date>
  <millis>1570073302916</millis>
  <sequence>33</sequence>
  <level>START</level>
  <class>com.kms.katalon.core.logging.XmlKeywordLogger</class>
  <method>startKeyword</method>
  <thread>1</thread>
  <message>Start action : println(\&amp;quot;Authenticate,Register,Register With Gmail\&amp;quot;)</message>
  <nestedLevel>1</nestedLevel>
  <property name="startLine">4</property>
  <property name="stepIndex">2</property>
</record>
<record>
  <date>2019-10-03T10:28:22</date>
  <millis>1570073302919</millis>
  <sequence>34</sequence>
  <level>END</level>
  <class>com.kms.katalon.core.logging.XmlKeywordLogger</class>
  <method>endKeyword</method>
  <thread>1</thread>
  <message>End action : println(\&amp;quot;Authenticate,Register,Register With Gmail\&amp;quot;)</message>
  <nestedLevel>1</nestedLevel>
</record>
<record>
  <date>2019-10-03T10:28:22</date>
  <millis>1570073302919</millis>
  <sequence>35</sequence>
  <level>PASSED</level>
  <class>com.kms.katalon.core.logging.XmlKeywordLogger</class>
  <method>logMessage</method>
  <thread>1</thread>
  <message>Test Cases/Register/TC-01</message>
  <nestedLevel>1</nestedLevel>
</record>
<record>
  <date>2019-10-03T10:28:22</date>
  <millis>1570073302921</millis>
  <sequence>36</sequence>
  <level>END</level>
  <class>com.kms.katalon.core.logging.XmlKeywordLogger</class>
  <method>endTest</method>
  <thread>1</thread>
  <message>End Test Case : Test Cases/Register/TC-01</message>
  <nestedLevel>0</nestedLevel>
</record>
<record>
  <date>2019-10-03T10:28:22</date>
  <millis>1570073302951</millis>
  <sequence>37</sequence>
  <level>START</level>
  <class>com.kms.katalon.core.logging.XmlKeywordLogger</class>
  <method>startTest</method>
  <thread>1</thread>
  <message>Start Test Case : Test Cases/BuyItem/TC-02</message>
  <nestedLevel>1</nestedLevel>
  <property name="name">Test Cases/BuyItem/TC-02</property>
  <property name="description"></property>
  <property name="id">Test Cases/BuyItem/TC-02</property>
  <property name="source">\\Users\\minhhoang\\Katalon Studio\\TIL-Techcon\\Test Cases\\BuyItem\\TC-02.tc</property>
  <property name="tag">Buy,Buy With Valid Item</property>
  <property name="isOptional">false</property>
</record>
<record>
  <date>2019-10-03T10:28:22</date>
  <millis>1570073302999</millis>
  <sequence>39</sequence>
  <level>START</level>
  <class>com.kms.katalon.core.logging.XmlKeywordLogger</class>
  <method>startKeyword</method>
  <thread>1</thread>
  <message>Start action : println(\&amp;quot;Buy Item Workflow TC-02\&amp;quot;)</message>
  <nestedLevel>1</nestedLevel>
  <property name="startLine">3</property>
  <property name="stepIndex">1</property>
</record>
<record>
  <date>2019-10-03T10:28:23</date>
  <millis>1570073303000</millis>
  <sequence>40</sequence>
  <level>END</level>
  <class>com.kms.katalon.core.logging.XmlKeywordLogger</class>
  <method>endKeyword</method>
  <thread>1</thread>
  <message>End action : println(\&amp;quot;Buy Item Workflow TC-02\&amp;quot;)</message>
  <nestedLevel>1</nestedLevel>
</record>
<record>
  <date>2019-10-03T10:28:23</date>
  <millis>1570073303001</millis>
  <sequence>41</sequence>
  <level>START</level>
  <class>com.kms.katalon.core.logging.XmlKeywordLogger</class>
  <method>startKeyword</method>
  <thread>1</thread>
  <message>Start action : println(\&amp;quot;Buy,Buy With Valid Item\&amp;quot;)</message>
  <nestedLevel>1</nestedLevel>
  <property name="startLine">5</property>
  <property name="stepIndex">2</property>
</record>
<record>
  <date>2019-10-03T10:28:23</date>
  <millis>1570073303001</millis>
  <sequence>42</sequence>
  <level>END</level>
  <class>com.kms.katalon.core.logging.XmlKeywordLogger</class>
  <method>endKeyword</method>
  <thread>1</thread>
  <message>End action : println(\&amp;quot;Buy,Buy With Valid Item\&amp;quot;)</message>
  <nestedLevel>1</nestedLevel>
</record>
<record>
  <date>2019-10-03T10:28:23</date>
  <millis>1570073303001</millis>
  <sequence>43</sequence>
  <level>PASSED</level>
  <class>com.kms.katalon.core.logging.XmlKeywordLogger</class>
  <method>logMessage</method>
  <thread>1</thread>
  <message>Test Cases/BuyItem/TC-02</message>
  <nestedLevel>1</nestedLevel>
</record>
<record>
  <date>2019-10-03T10:28:23</date>
  <millis>1570073303002</millis>
  <sequence>44</sequence>
  <level>END</level>
  <class>com.kms.katalon.core.logging.XmlKeywordLogger</class>
  <method>endTest</method>
  <thread>1</thread>
  <message>End Test Case : Test Cases/BuyItem/TC-02</message>
  <nestedLevel>0</nestedLevel>
</record>
<record>
  <date>2019-10-03T10:28:23</date>
  <millis>1570073303005</millis>
  <sequence>45</sequence>
  <level>START</level>
  <class>com.kms.katalon.core.logging.XmlKeywordLogger</class>
  <method>startTest</method>
  <thread>1</thread>
  <message>Start Test Case : Test Cases/BuyItem/TC-01</message>
  <nestedLevel>1</nestedLevel>
  <property name="name">Test Cases/BuyItem/TC-01</property>
  <property name="description"></property>
  <property name="id">Test Cases/BuyItem/TC-01</property>
  <property name="source">\\Users\\minhhoang\\Katalon Studio\\TIL-Techcon\\Test Cases\\BuyItem\\TC-01.tc</property>
  <property name="tag">Buy,Buy With Invalid Item</property>
  <property name="isOptional">false</property>
</record>
<record>
  <date>2019-10-03T10:28:23</date>
  <millis>1570073303019</millis>
  <sequence>47</sequence>
  <level>START</level>
  <class>com.kms.katalon.core.logging.XmlKeywordLogger</class>
  <method>startKeyword</method>
  <thread>1</thread>
  <message>Start action : println(\&amp;quot;Buy Item Workflow TC-01\&amp;quot;)</message>
  <nestedLevel>1</nestedLevel>
  <property name="startLine">2</property>
  <property name="stepIndex">1</property>
</record>
<record>
  <date>2019-10-03T10:28:23</date>
  <millis>1570073303021</millis>
  <sequence>48</sequence>
  <level>END</level>
  <class>com.kms.katalon.core.logging.XmlKeywordLogger</class>
  <method>endKeyword</method>
  <thread>1</thread>
  <message>End action : println(\&amp;quot;Buy Item Workflow TC-01\&amp;quot;)</message>
  <nestedLevel>1</nestedLevel>
</record>
<record>
  <date>2019-10-03T10:28:23</date>
  <millis>1570073303021</millis>
  <sequence>49</sequence>
  <level>START</level>
  <class>com.kms.katalon.core.logging.XmlKeywordLogger</class>
  <method>startKeyword</method>
  <thread>1</thread>
  <message>Start action : println(\&amp;quot;Buy,Buy With Invalid Item\&amp;quot;)</message>
  <nestedLevel>1</nestedLevel>
  <property name="startLine">4</property>
  <property name="stepIndex">2</property>
</record>
<record>
  <date>2019-10-03T10:28:23</date>
  <millis>1570073303050</millis>
  <sequence>50</sequence>
  <level>END</level>
  <class>com.kms.katalon.core.logging.XmlKeywordLogger</class>
  <method>endKeyword</method>
  <thread>1</thread>
  <message>End action : println(\&amp;quot;Buy,Buy With Invalid Item\&amp;quot;)</message>
  <nestedLevel>1</nestedLevel>
</record>
<record>
  <date>2019-10-03T10:28:23</date>
  <millis>1570073303050</millis>
  <sequence>51</sequence>
  <level>PASSED</level>
  <class>com.kms.katalon.core.logging.XmlKeywordLogger</class>
  <method>logMessage</method>
  <thread>1</thread>
  <message>Test Cases/BuyItem/TC-01</message>
  <nestedLevel>1</nestedLevel>
</record>
<record>
  <date>2019-10-03T10:28:23</date>
  <millis>1570073303051</millis>
  <sequence>52</sequence>
  <level>END</level>
  <class>com.kms.katalon.core.logging.XmlKeywordLogger</class>
  <method>endTest</method>
  <thread>1</thread>
  <message>End Test Case : Test Cases/BuyItem/TC-01</message>
  <nestedLevel>0</nestedLevel>
</record>
<record>
  <date>2019-10-03T10:28:23</date>
  <millis>1570073303250</millis>
  <sequence>53</sequence>
  <level>END</level>
  <class>com.kms.katalon.core.logging.XmlKeywordLogger</class>
  <method>endSuite</method>
  <thread>1</thread>
  <message>End Test Suite : Test Suites/Demo</message>
  <nestedLevel>0</nestedLevel>
</record>
</log>
