<?xml version="1.0" encoding="UTF-8" standalone="no"?>
<!DOCTYPE log SYSTEM "logger.dtd">
<log>
<record>
  <date>2019-08-05T23:25:33</date>
  <millis>1565022333312</millis>
  <sequence>0</sequence>
  <level>START</level>
  <class>com.kms.katalon.core.logging.XmlKeywordLogger</class>
  <method>startSuite</method>
  <thread>1</thread>
  <message>Start Test Suite : Test Suites/Demo</message>
  <nestedLevel>0</nestedLevel>
  <property name="name">Demo</property>
  <property name="description"></property>
  <property name="id">Test Suites/Demo</property>
</record>
<record>
  <date>2019-08-05T23:25:33</date>
  <millis>1565022333348</millis>
  <sequence>1</sequence>
  <level>RUN_DATA</level>
  <class>com.kms.katalon.core.logging.XmlKeywordLogger</class>
  <method>logMessage</method>
  <thread>1</thread>
  <message>hostName = minhhoang - c02vr2n7hv2h</message>
  <nestedLevel>0</nestedLevel>
  <property name="hostName">minhhoang - c02vr2n7hv2h</property>
</record>
<record>
  <date>2019-08-05T23:25:33</date>
  <millis>1565022333381</millis>
  <sequence>2</sequence>
  <level>RUN_DATA</level>
  <class>com.kms.katalon.core.logging.XmlKeywordLogger</class>
  <method>logMessage</method>
  <thread>1</thread>
  <message>os = Mac OS X 64bit</message>
  <nestedLevel>0</nestedLevel>
  <property name="os">Mac OS X 64bit</property>
</record>
<record>
  <date>2019-08-05T23:25:33</date>
  <millis>1565022333403</millis>
  <sequence>3</sequence>
  <level>RUN_DATA</level>
  <class>com.kms.katalon.core.logging.XmlKeywordLogger</class>
  <method>logMessage</method>
  <thread>1</thread>
  <message>hostAddress = 192.168.21.34</message>
  <nestedLevel>0</nestedLevel>
  <property name="hostAddress">192.168.21.34</property>
</record>
<record>
  <date>2019-08-05T23:25:33</date>
  <millis>1565022333407</millis>
  <sequence>4</sequence>
  <level>RUN_DATA</level>
  <class>com.kms.katalon.core.logging.XmlKeywordLogger</class>
  <method>logMessage</method>
  <thread>1</thread>
  <message>katalonVersion = 6.2.2.4</message>
  <nestedLevel>0</nestedLevel>
  <property name="katalonVersion">6.2.2.4</property>
</record>
<record>
  <date>2019-08-05T23:25:34</date>
  <millis>1565022334098</millis>
  <sequence>5</sequence>
  <level>START</level>
  <class>com.kms.katalon.core.logging.XmlKeywordLogger</class>
  <method>startTest</method>
  <thread>1</thread>
  <message>Start Test Case : Test Cases/Authenticate/TC-02</message>
  <nestedLevel>1</nestedLevel>
  <property name="name">Test Cases/Authenticate/TC-02</property>
  <property name="description"></property>
  <property name="id">Test Cases/Authenticate/TC-02</property>
  <property name="source">\\Users\\minhhoang\\Katalon Studio\\TIL-Techcon\\Test Cases\\Authenticate\\TC-02.tc</property>
  <property name="tag">Authenticate,Register,Authenticate With Gmail</property>
  <property name="isOptional">false</property>
</record>
<record>
  <date>2019-08-05T23:25:34</date>
  <millis>1565022334420</millis>
  <sequence>7</sequence>
  <level>START</level>
  <class>com.kms.katalon.core.logging.XmlKeywordLogger</class>
  <method>startKeyword</method>
  <thread>1</thread>
  <message>Start action : println(\&amp;quot;Authenticate TC-02\&amp;quot;)</message>
  <nestedLevel>1</nestedLevel>
  <property name="startLine">2</property>
  <property name="stepIndex">1</property>
</record>
<record>
  <date>2019-08-05T23:25:34</date>
  <millis>1565022334489</millis>
  <sequence>8</sequence>
  <level>END</level>
  <class>com.kms.katalon.core.logging.XmlKeywordLogger</class>
  <method>endKeyword</method>
  <thread>1</thread>
  <message>End action : println(\&amp;quot;Authenticate TC-02\&amp;quot;)</message>
  <nestedLevel>1</nestedLevel>
</record>
<record>
  <date>2019-08-05T23:25:34</date>
  <millis>1565022334489</millis>
  <sequence>9</sequence>
  <level>PASSED</level>
  <class>com.kms.katalon.core.logging.XmlKeywordLogger</class>
  <method>logMessage</method>
  <thread>1</thread>
  <message>Test Cases/Authenticate/TC-02</message>
  <nestedLevel>1</nestedLevel>
</record>
<record>
  <date>2019-08-05T23:25:34</date>
  <millis>1565022334490</millis>
  <sequence>10</sequence>
  <level>END</level>
  <class>com.kms.katalon.core.logging.XmlKeywordLogger</class>
  <method>endTest</method>
  <thread>1</thread>
  <message>End Test Case : Test Cases/Authenticate/TC-02</message>
  <nestedLevel>0</nestedLevel>
</record>
<record>
  <date>2019-08-05T23:25:34</date>
  <millis>1565022334499</millis>
  <sequence>11</sequence>
  <level>START</level>
  <class>com.kms.katalon.core.logging.XmlKeywordLogger</class>
  <method>startTest</method>
  <thread>1</thread>
  <message>Start Test Case : Test Cases/Authenticate/TC-01</message>
  <nestedLevel>1</nestedLevel>
  <property name="name">Test Cases/Authenticate/TC-01</property>
  <property name="description"></property>
  <property name="id">Test Cases/Authenticate/TC-01</property>
  <property name="source">\\Users\\minhhoang\\Katalon Studio\\TIL-Techcon\\Test Cases\\Authenticate\\TC-01.tc</property>
  <property name="tag">Authenticate,Register,Authenticate Require SSO</property>
  <property name="isOptional">false</property>
</record>
<record>
  <date>2019-08-05T23:25:34</date>
  <millis>1565022334518</millis>
  <sequence>13</sequence>
  <level>START</level>
  <class>com.kms.katalon.core.logging.XmlKeywordLogger</class>
  <method>startKeyword</method>
  <thread>1</thread>
  <message>Start action : println(\&amp;quot;Authenticate TC-01\&amp;quot;)</message>
  <nestedLevel>1</nestedLevel>
  <property name="startLine">2</property>
  <property name="stepIndex">1</property>
</record>
<record>
  <date>2019-08-05T23:25:34</date>
  <millis>1565022334519</millis>
  <sequence>14</sequence>
  <level>END</level>
  <class>com.kms.katalon.core.logging.XmlKeywordLogger</class>
  <method>endKeyword</method>
  <thread>1</thread>
  <message>End action : println(\&amp;quot;Authenticate TC-01\&amp;quot;)</message>
  <nestedLevel>1</nestedLevel>
</record>
<record>
  <date>2019-08-05T23:25:34</date>
  <millis>1565022334519</millis>
  <sequence>15</sequence>
  <level>PASSED</level>
  <class>com.kms.katalon.core.logging.XmlKeywordLogger</class>
  <method>logMessage</method>
  <thread>1</thread>
  <message>Test Cases/Authenticate/TC-01</message>
  <nestedLevel>1</nestedLevel>
</record>
<record>
  <date>2019-08-05T23:25:34</date>
  <millis>1565022334520</millis>
  <sequence>16</sequence>
  <level>END</level>
  <class>com.kms.katalon.core.logging.XmlKeywordLogger</class>
  <method>endTest</method>
  <thread>1</thread>
  <message>End Test Case : Test Cases/Authenticate/TC-01</message>
  <nestedLevel>0</nestedLevel>
</record>
<record>
  <date>2019-08-05T23:25:34</date>
  <millis>1565022334526</millis>
  <sequence>17</sequence>
  <level>START</level>
  <class>com.kms.katalon.core.logging.XmlKeywordLogger</class>
  <method>startTest</method>
  <thread>1</thread>
  <message>Start Test Case : Test Cases/Register/TC-02</message>
  <nestedLevel>1</nestedLevel>
  <property name="name">Test Cases/Register/TC-02</property>
  <property name="description"></property>
  <property name="id">Test Cases/Register/TC-02</property>
  <property name="source">\\Users\\minhhoang\\Katalon Studio\\TIL-Techcon\\Test Cases\\Register\\TC-02.tc</property>
  <property name="tag">Authenticate,Register,Register With SSO</property>
  <property name="isOptional">false</property>
</record>
<record>
  <date>2019-08-05T23:25:34</date>
  <millis>1565022334543</millis>
  <sequence>19</sequence>
  <level>START</level>
  <class>com.kms.katalon.core.logging.XmlKeywordLogger</class>
  <method>startKeyword</method>
  <thread>1</thread>
  <message>Start action : println(\&amp;quot;Register TC-02\&amp;quot;)</message>
  <nestedLevel>1</nestedLevel>
  <property name="startLine">2</property>
  <property name="stepIndex">1</property>
</record>
<record>
  <date>2019-08-05T23:25:34</date>
  <millis>1565022334548</millis>
  <sequence>20</sequence>
  <level>END</level>
  <class>com.kms.katalon.core.logging.XmlKeywordLogger</class>
  <method>endKeyword</method>
  <thread>1</thread>
  <message>End action : println(\&amp;quot;Register TC-02\&amp;quot;)</message>
  <nestedLevel>1</nestedLevel>
</record>
<record>
  <date>2019-08-05T23:25:34</date>
  <millis>1565022334548</millis>
  <sequence>21</sequence>
  <level>PASSED</level>
  <class>com.kms.katalon.core.logging.XmlKeywordLogger</class>
  <method>logMessage</method>
  <thread>1</thread>
  <message>Test Cases/Register/TC-02</message>
  <nestedLevel>1</nestedLevel>
</record>
<record>
  <date>2019-08-05T23:25:34</date>
  <millis>1565022334549</millis>
  <sequence>22</sequence>
  <level>END</level>
  <class>com.kms.katalon.core.logging.XmlKeywordLogger</class>
  <method>endTest</method>
  <thread>1</thread>
  <message>End Test Case : Test Cases/Register/TC-02</message>
  <nestedLevel>0</nestedLevel>
</record>
<record>
  <date>2019-08-05T23:25:34</date>
  <millis>1565022334566</millis>
  <sequence>23</sequence>
  <level>START</level>
  <class>com.kms.katalon.core.logging.XmlKeywordLogger</class>
  <method>startTest</method>
  <thread>1</thread>
  <message>Start Test Case : Test Cases/Register/TC-01</message>
  <nestedLevel>1</nestedLevel>
  <property name="name">Test Cases/Register/TC-01</property>
  <property name="description"></property>
  <property name="id">Test Cases/Register/TC-01</property>
  <property name="source">\\Users\\minhhoang\\Katalon Studio\\TIL-Techcon\\Test Cases\\Register\\TC-01.tc</property>
  <property name="tag">Authenticate,Register,Register With Gmail</property>
  <property name="isOptional">false</property>
</record>
<record>
  <date>2019-08-05T23:25:34</date>
  <millis>1565022334591</millis>
  <sequence>25</sequence>
  <level>START</level>
  <class>com.kms.katalon.core.logging.XmlKeywordLogger</class>
  <method>startKeyword</method>
  <thread>1</thread>
  <message>Start action : println(\&amp;quot;Register TC-01\&amp;quot;)</message>
  <nestedLevel>1</nestedLevel>
  <property name="startLine">2</property>
  <property name="stepIndex">1</property>
</record>
<record>
  <date>2019-08-05T23:25:34</date>
  <millis>1565022334592</millis>
  <sequence>26</sequence>
  <level>END</level>
  <class>com.kms.katalon.core.logging.XmlKeywordLogger</class>
  <method>endKeyword</method>
  <thread>1</thread>
  <message>End action : println(\&amp;quot;Register TC-01\&amp;quot;)</message>
  <nestedLevel>1</nestedLevel>
</record>
<record>
  <date>2019-08-05T23:25:34</date>
  <millis>1565022334592</millis>
  <sequence>27</sequence>
  <level>PASSED</level>
  <class>com.kms.katalon.core.logging.XmlKeywordLogger</class>
  <method>logMessage</method>
  <thread>1</thread>
  <message>Test Cases/Register/TC-01</message>
  <nestedLevel>1</nestedLevel>
</record>
<record>
  <date>2019-08-05T23:25:34</date>
  <millis>1565022334593</millis>
  <sequence>28</sequence>
  <level>END</level>
  <class>com.kms.katalon.core.logging.XmlKeywordLogger</class>
  <method>endTest</method>
  <thread>1</thread>
  <message>End Test Case : Test Cases/Register/TC-01</message>
  <nestedLevel>0</nestedLevel>
</record>
<record>
  <date>2019-08-05T23:25:34</date>
  <millis>1565022334598</millis>
  <sequence>29</sequence>
  <level>START</level>
  <class>com.kms.katalon.core.logging.XmlKeywordLogger</class>
  <method>startTest</method>
  <thread>1</thread>
  <message>Start Test Case : Test Cases/BuyItem/TC-02</message>
  <nestedLevel>1</nestedLevel>
  <property name="name">Test Cases/BuyItem/TC-02</property>
  <property name="description"></property>
  <property name="id">Test Cases/BuyItem/TC-02</property>
  <property name="source">\\Users\\minhhoang\\Katalon Studio\\TIL-Techcon\\Test Cases\\BuyItem\\TC-02.tc</property>
  <property name="tag"></property>
  <property name="isOptional">false</property>
</record>
<record>
  <date>2019-08-05T23:25:34</date>
  <millis>1565022334615</millis>
  <sequence>31</sequence>
  <level>START</level>
  <class>com.kms.katalon.core.logging.XmlKeywordLogger</class>
  <method>startKeyword</method>
  <thread>1</thread>
  <message>Start action : println(\&amp;quot;Buy Item Workflow TC-02\&amp;quot;)</message>
  <nestedLevel>1</nestedLevel>
  <property name="startLine">3</property>
  <property name="stepIndex">1</property>
</record>
<record>
  <date>2019-08-05T23:25:34</date>
  <millis>1565022334615</millis>
  <sequence>32</sequence>
  <level>END</level>
  <class>com.kms.katalon.core.logging.XmlKeywordLogger</class>
  <method>endKeyword</method>
  <thread>1</thread>
  <message>End action : println(\&amp;quot;Buy Item Workflow TC-02\&amp;quot;)</message>
  <nestedLevel>1</nestedLevel>
</record>
<record>
  <date>2019-08-05T23:25:34</date>
  <millis>1565022334616</millis>
  <sequence>33</sequence>
  <level>PASSED</level>
  <class>com.kms.katalon.core.logging.XmlKeywordLogger</class>
  <method>logMessage</method>
  <thread>1</thread>
  <message>Test Cases/BuyItem/TC-02</message>
  <nestedLevel>1</nestedLevel>
</record>
<record>
  <date>2019-08-05T23:25:34</date>
  <millis>1565022334616</millis>
  <sequence>34</sequence>
  <level>END</level>
  <class>com.kms.katalon.core.logging.XmlKeywordLogger</class>
  <method>endTest</method>
  <thread>1</thread>
  <message>End Test Case : Test Cases/BuyItem/TC-02</message>
  <nestedLevel>0</nestedLevel>
</record>
<record>
  <date>2019-08-05T23:25:34</date>
  <millis>1565022334620</millis>
  <sequence>35</sequence>
  <level>START</level>
  <class>com.kms.katalon.core.logging.XmlKeywordLogger</class>
  <method>startTest</method>
  <thread>1</thread>
  <message>Start Test Case : Test Cases/BuyItem/TC-01</message>
  <nestedLevel>1</nestedLevel>
  <property name="name">Test Cases/BuyItem/TC-01</property>
  <property name="description"></property>
  <property name="id">Test Cases/BuyItem/TC-01</property>
  <property name="source">\\Users\\minhhoang\\Katalon Studio\\TIL-Techcon\\Test Cases\\BuyItem\\TC-01.tc</property>
  <property name="tag"></property>
  <property name="isOptional">false</property>
</record>
<record>
  <date>2019-08-05T23:25:34</date>
  <millis>1565022334634</millis>
  <sequence>37</sequence>
  <level>START</level>
  <class>com.kms.katalon.core.logging.XmlKeywordLogger</class>
  <method>startKeyword</method>
  <thread>1</thread>
  <message>Start action : println(\&amp;quot;Buy Item Workflow TC-01\&amp;quot;)</message>
  <nestedLevel>1</nestedLevel>
  <property name="startLine">2</property>
  <property name="stepIndex">1</property>
</record>
<record>
  <date>2019-08-05T23:25:34</date>
  <millis>1565022334636</millis>
  <sequence>38</sequence>
  <level>END</level>
  <class>com.kms.katalon.core.logging.XmlKeywordLogger</class>
  <method>endKeyword</method>
  <thread>1</thread>
  <message>End action : println(\&amp;quot;Buy Item Workflow TC-01\&amp;quot;)</message>
  <nestedLevel>1</nestedLevel>
</record>
<record>
  <date>2019-08-05T23:25:34</date>
  <millis>1565022334637</millis>
  <sequence>39</sequence>
  <level>PASSED</level>
  <class>com.kms.katalon.core.logging.XmlKeywordLogger</class>
  <method>logMessage</method>
  <thread>1</thread>
  <message>Test Cases/BuyItem/TC-01</message>
  <nestedLevel>1</nestedLevel>
</record>
<record>
  <date>2019-08-05T23:25:34</date>
  <millis>1565022334637</millis>
  <sequence>40</sequence>
  <level>END</level>
  <class>com.kms.katalon.core.logging.XmlKeywordLogger</class>
  <method>endTest</method>
  <thread>1</thread>
  <message>End Test Case : Test Cases/BuyItem/TC-01</message>
  <nestedLevel>0</nestedLevel>
</record>
<record>
  <date>2019-08-05T23:25:35</date>
  <millis>1565022335059</millis>
  <sequence>41</sequence>
  <level>END</level>
  <class>com.kms.katalon.core.logging.XmlKeywordLogger</class>
  <method>endSuite</method>
  <thread>1</thread>
  <message>End Test Suite : Test Suites/Demo</message>
  <nestedLevel>0</nestedLevel>
</record>
</log>
